<?xml version="1.0" encoding="UTF-8"?>
<testng-results ignored="0" total="1" passed="0" failed="1" skipped="0">
  <reporter-output>
  </reporter-output>
  <suite started-at="2024-02-07T10:48:58 IST" name="Default suite" finished-at="2024-02-07T10:49:46 IST" duration-ms="48262">
    <groups>
    </groups>
    <test started-at="2024-02-07T10:48:58 IST" name="Default test" finished-at="2024-02-07T10:49:46 IST" duration-ms="48262">
      <class name="ApplicationMastersOperations.Area">
        <test-method is-config="true" signature="browserlogin()[pri:0, instance:ApplicationMastersOperations.Area@194bcebf]" started-at="2024-02-07T10:48:58 IST" name="browserlogin" finished-at="2024-02-07T10:49:05 IST" duration-ms="6926" status="PASS">
          <reporter-output>
          </reporter-output>
        </test-method> <!-- browserlogin -->
        <test-method signature="areaexist()[pri:0, instance:ApplicationMastersOperations.Area@194bcebf]" started-at="2024-02-07T10:49:05 IST" name="areaexist" finished-at="2024-02-07T10:49:45 IST" duration-ms="40254" status="FAIL">
          <exception class="java.lang.AssertionError">
            <message>
              <![CDATA[alert is matched expected [[[ChromeDriver: chrome on windows (a5f3f99a7e41d87db5507663cb7a8e07)] -> xpath: //div[text()=' Already Exists ']]] but found [//div[text()=' Already Exists ']]]]>
            </message>
            <full-stacktrace>
              <![CDATA[java.lang.AssertionError: alert is matched expected [[[ChromeDriver: chrome on windows (a5f3f99a7e41d87db5507663cb7a8e07)] -> xpath: //div[text()=' Already Exists ']]] but found [//div[text()=' Already Exists ']]
at org.testng.Assert.fail(Assert.java:99)
at org.testng.Assert.failNotEquals(Assert.java:1037)
at org.testng.Assert.assertEqualsImpl(Assert.java:140)
at org.testng.Assert.assertEquals(Assert.java:122)
at ApplicationMasterslocators.Arealocatorclass.exist(Arealocatorclass.java:243)
at ApplicationMastersOperations.Area.areaexist(Area.java:63)
at java.base/jdk.internal.reflect.NativeMethodAccessorImpl.invoke0(Native Method)
at java.base/jdk.internal.reflect.NativeMethodAccessorImpl.invoke(NativeMethodAccessorImpl.java:77)
at java.base/jdk.internal.reflect.DelegatingMethodAccessorImpl.invoke(DelegatingMethodAccessorImpl.java:43)
at java.base/java.lang.reflect.Method.invoke(Method.java:568)
at org.testng.internal.MethodInvocationHelper.invokeMethod(MethodInvocationHelper.java:133)
at org.testng.internal.TestInvoker.invokeMethod(TestInvoker.java:598)
at org.testng.internal.TestInvoker.invokeTestMethod(TestInvoker.java:173)
at org.testng.internal.MethodRunner.runInSequence(MethodRunner.java:46)
at org.testng.internal.TestInvoker$MethodInvocationAgent.invoke(TestInvoker.java:824)
at org.testng.internal.TestInvoker.invokeTestMethods(TestInvoker.java:146)
at org.testng.internal.TestMethodWorker.invokeTestMethods(TestMethodWorker.java:146)
at org.testng.internal.TestMethodWorker.run(TestMethodWorker.java:128)
at java.base/java.util.ArrayList.forEach(ArrayList.java:1511)
at org.testng.TestRunner.privateRun(TestRunner.java:794)
at org.testng.TestRunner.run(TestRunner.java:596)
at org.testng.SuiteRunner.runTest(SuiteRunner.java:377)
at org.testng.SuiteRunner.runSequentially(SuiteRunner.java:371)
at org.testng.SuiteRunner.privateRun(SuiteRunner.java:332)
at org.testng.SuiteRunner.run(SuiteRunner.java:276)
at org.testng.SuiteRunnerWorker.runSuite(SuiteRunnerWorker.java:53)
at org.testng.SuiteRunnerWorker.run(SuiteRunnerWorker.java:96)
at org.testng.TestNG.runSuitesSequentially(TestNG.java:1212)
at org.testng.TestNG.runSuitesLocally(TestNG.java:1134)
at org.testng.TestNG.runSuites(TestNG.java:1063)
at org.testng.TestNG.run(TestNG.java:1031)
at org.testng.remote.AbstractRemoteTestNG.run(AbstractRemoteTestNG.java:115)
at org.testng.remote.RemoteTestNG.initAndRun(RemoteTestNG.java:251)
at org.testng.remote.RemoteTestNG.main(RemoteTestNG.java:77)
]]>
            </full-stacktrace>
          </exception> <!-- java.lang.AssertionError -->
          <reporter-output>
          </reporter-output>
        </test-method> <!-- areaexist -->
        <test-method is-config="true" signature="quit()[pri:0, instance:ApplicationMastersOperations.Area@194bcebf]" started-at="2024-02-07T10:49:45 IST" name="quit" finished-at="2024-02-07T10:49:46 IST" duration-ms="1012" status="PASS">
          <reporter-output>
          </reporter-output>
        </test-method> <!-- quit -->
      </class> <!-- ApplicationMastersOperations.Area -->
    </test> <!-- Default test -->
  </suite> <!-- Default suite -->
</testng-results>
